N E X T F L O W  ~  version 23.10.0
Launching `main.nf` [elated_plateau] DSL2 - revision: d975f638bc
WARN: There's no process matching config selector: CELLRANGER
[SRR22561636, /lustre/scratch125/ids/team353/kd12/co-spatial/data/rnaseq/SRR22561636]
[SRR22565186, /lustre/scratch125/ids/team353/kd12/co-spatial/data/atacseq/SRR22565186]

------------------------------------------------------------
Sender: LSF System <lsfadmin@node-14-27>
Subject: Job 906633: <nextflow run main.nf -profile singularity --skip_fetch_data true --input data/samplesheet.csv --fastq_out data --outdir result -resume> in cluster <farm22> Done

Job <nextflow run main.nf -profile singularity --skip_fetch_data true --input data/samplesheet.csv --fastq_out data --outdir result -resume> was submitted from host <farm22-head2> by user <kd12> in cluster <farm22> at Wed Apr  9 09:23:57 2025
Job was executed on host(s) <4*node-14-27>, in queue <normal>, as user <kd12> in cluster <farm22> at Wed Apr  9 09:23:59 2025
</nfs/users/nfs_k/kd12> was used as the home directory.
</lustre/scratch125/ids/team353/kd12/co-spatial> was used as the working directory.
Started at Wed Apr  9 09:23:59 2025
Terminated at Wed Apr  9 09:24:11 2025
Results reported at Wed Apr  9 09:24:11 2025

Your job looked like:

------------------------------------------------------------
# LSBATCH: User input
nextflow run main.nf -profile singularity --skip_fetch_data true --input data/samplesheet.csv --fastq_out data --outdir result -resume
------------------------------------------------------------

Successfully completed.

Resource usage summary:

    CPU time :                                   22.82 sec.
    Max Memory :                                 6 MB
    Average Memory :                             6.00 MB
    Total Requested Memory :                     4000.00 MB
    Delta Memory :                               3994.00 MB
    Max Swap :                                   -
    Max Processes :                              3
    Max Threads :                                4
    Run time :                                   5 sec.
    Turnaround time :                            14 sec.

The output (if any) is above this job summary.



PS:

Read file <output.err> for stderr output of this job.

